*** Starting uWSGI 2.0.17.1 (64bit) on [Tue Oct  9 09:59:14 2018] ***
compiled with version: 5.4.0 20160609 on 09 October 2018 01:16:41
os: Linux-4.10.0-33-generic #37~16.04.1-Ubuntu SMP Fri Aug 11 14:07:24 UTC 2017
nodename: Ubuntu01
machine: x86_64
clock source: unix
detected number of CPU cores: 2
current working directory: /home/sunhao/workplace/HomeWork/GPAXF
writing pidfile to uwsgi.pid
detected binary path: /home/sunhao/.virtualenvs/GP1/bin/uwsgi
!!! no internal routing support, rebuild with pcre support !!!
chdir() to /home/sunhao/workplace/HomeWork/GPAXF
your processes number limit is 11776
your memory page size is 4096 bytes
detected max file descriptor number: 65536
lock engine: pthread robust mutexes
thunder lock: disabled (you can enable it with --thunder-lock)
uwsgi socket 0 bound to TCP address 0.0.0.0:8888 fd 3
Python version: 3.5.2 (default, Nov 17 2016, 17:05:23)  [GCC 5.4.0 20160609]
Python main interpreter initialized at 0x17084d0
python threads support enabled
your server socket listen backlog is limited to 100 connections
your mercy for graceful operations on workers is 60 seconds
mapped 834320 bytes (814 KB) for 40 cores
*** Operational MODE: preforking+threaded ***
WSGI app 0 (mountpoint='') ready in 0 seconds on interpreter 0x17084d0 pid: 26211 (default app)
*** uWSGI is running in multiple interpreter mode ***
spawned uWSGI master process (pid: 26211)
spawned uWSGI worker 1 (pid: 26218, cores: 10)
spawned uWSGI worker 2 (pid: 26219, cores: 10)
spawned uWSGI worker 3 (pid: 26229, cores: 10)
spawned uWSGI worker 4 (pid: 26230, cores: 10)
invalid request block size: 21573 (max 4096)...skip
invalid request block size: 21573 (max 4096)...skip
invalid request block size: 21573 (max 4096)...skip
invalid request block size: 21573 (max 4096)...skip
invalid request block size: 21573 (max 4096)...skip
invalid request block size: 21573 (max 4096)...skip
invalid request block size: 21573 (max 4096)...skip
invalid request block size: 21573 (max 4096)...skip
invalid request block size: 21573 (max 4096)...skip
invalid request block size: 21573 (max 4096)...skip
invalid request block size: 21573 (max 4096)...skip
*** Starting uWSGI 2.0.17.1 (64bit) on [Tue Oct  9 10:04:04 2018] ***
compiled with version: 5.4.0 20160609 on 09 October 2018 01:16:41
os: Linux-4.10.0-33-generic #37~16.04.1-Ubuntu SMP Fri Aug 11 14:07:24 UTC 2017
nodename: Ubuntu01
machine: x86_64
clock source: unix
detected number of CPU cores: 2
current working directory: /home/sunhao/workplace/HomeWork/GPAXF
writing pidfile to uwsgi.pid
detected binary path: /home/sunhao/.virtualenvs/GP1/bin/uwsgi
!!! no internal routing support, rebuild with pcre support !!!
chdir() to /home/sunhao/workplace/HomeWork/GPAXF
your processes number limit is 11776
your memory page size is 4096 bytes
detected max file descriptor number: 65536
lock engine: pthread robust mutexes
thunder lock: disabled (you can enable it with --thunder-lock)
probably another instance of uWSGI is running on the same address (0.0.0.0:8888).
bind(): Address already in use [core/socket.c line 769]
*** Starting uWSGI 2.0.17.1 (64bit) on [Tue Oct  9 10:04:40 2018] ***
compiled with version: 5.4.0 20160609 on 09 October 2018 01:16:41
os: Linux-4.10.0-33-generic #37~16.04.1-Ubuntu SMP Fri Aug 11 14:07:24 UTC 2017
nodename: Ubuntu01
machine: x86_64
clock source: unix
detected number of CPU cores: 2
current working directory: /home/sunhao/workplace/HomeWork/GPAXF
writing pidfile to uwsgi.pid
detected binary path: /home/sunhao/.virtualenvs/GP1/bin/uwsgi
!!! no internal routing support, rebuild with pcre support !!!
chdir() to /home/sunhao/workplace/HomeWork/GPAXF
your processes number limit is 11776
your memory page size is 4096 bytes
detected max file descriptor number: 65536
lock engine: pthread robust mutexes
thunder lock: disabled (you can enable it with --thunder-lock)
probably another instance of uWSGI is running on the same address (0.0.0.0:8888).
bind(): Address already in use [core/socket.c line 769]
invalid request block size: 21573 (max 4096)...skip
invalid request block size: 21573 (max 4096)...skip
invalid request block size: 21573 (max 4096)...skip
Not Found: /axf/static/js/base.js
[pid: 26229|app: 0|req: 1/1] 127.0.0.1 () {44 vars in 914 bytes} [Tue Oct  9 10:14:29 2018] GET /axf/static/js/base.js => generated 5489 bytes in 180 msecs (HTTP/1.1 404) 3 headers in 102 bytes (1 switches on core 6)
Not Found: /axf/static/js/base.js
[pid: 26229|app: 0|req: 2/2] 127.0.0.1 () {44 vars in 914 bytes} [Tue Oct  9 10:14:35 2018] GET /axf/static/js/base.js => generated 5489 bytes in 9 msecs (HTTP/1.1 404) 3 headers in 102 bytes (1 switches on core 8)
[pid: 26229|app: 0|req: 3/3] 127.0.0.1 () {42 vars in 859 bytes} [Tue Oct  9 10:14:52 2018] GET /axf/mine/ => generated 5799 bytes in 2958 msecs (HTTP/1.1 200) 4 headers in 124 bytes (1 switches on core 5)
Gracefully killing worker 4 (pid: 26230)...
Gracefully killing worker 1 (pid: 26218)...
Gracefully killing worker 3 (pid: 26229)...
Gracefully killing worker 2 (pid: 26219)...
...gracefully killing workers...
worker 1 buried after 17 seconds
worker 2 buried after 17 seconds
worker 3 buried after 17 seconds
worker 4 buried after 17 seconds
binary reloading uWSGI...
chdir() to /home/sunhao/workplace/HomeWork/GPAXF
closing all non-uwsgi socket fds > 2 (max_fd = 65536)...
found fd 3 mapped to socket 0 (0.0.0.0:8888)
running /home/sunhao/.virtualenvs/GP1/bin/uwsgi
[uWSGI] getting INI configuration from /home/sunhao/workplace/HomeWork/GPAXF/uwsgi.ini
*** Starting uWSGI 2.0.17.1 (64bit) on [Tue Oct  9 14:46:44 2018] ***
compiled with version: 5.4.0 20160609 on 09 October 2018 01:16:41
os: Linux-4.10.0-33-generic #37~16.04.1-Ubuntu SMP Fri Aug 11 14:07:24 UTC 2017
nodename: Ubuntu01
machine: x86_64
clock source: unix
detected number of CPU cores: 2
current working directory: /home/sunhao/workplace/HomeWork/GPAXF
detected binary path: /home/sunhao/.virtualenvs/GP1/bin/uwsgi
!!! no internal routing support, rebuild with pcre support !!!
chdir() to /home/sunhao/workplace/HomeWork/GPAXF
your processes number limit is 11776
your memory page size is 4096 bytes
detected max file descriptor number: 65536
lock engine: pthread robust mutexes
thunder lock: disabled (you can enable it with --thunder-lock)
uwsgi socket 0 inherited INET address 0.0.0.0:8888 fd 3
Python version: 3.5.2 (default, Nov 17 2016, 17:05:23)  [GCC 5.4.0 20160609]
Python main interpreter initialized at 0xce4e90
python threads support enabled
your server socket listen backlog is limited to 100 connections
your mercy for graceful operations on workers is 60 seconds
mapped 834320 bytes (814 KB) for 40 cores
*** Operational MODE: preforking+threaded ***
WSGI app 0 (mountpoint='') ready in 15 seconds on interpreter 0xce4e90 pid: 26211 (default app)
*** uWSGI is running in multiple interpreter mode ***
gracefully (RE)spawned uWSGI master process (pid: 26211)
spawned uWSGI worker 1 (pid: 28278, cores: 10)
spawned uWSGI worker 2 (pid: 28279, cores: 10)
spawned uWSGI worker 3 (pid: 28289, cores: 10)
spawned uWSGI worker 4 (pid: 28290, cores: 10)
*** Starting uWSGI 2.0.17.1 (64bit) on [Tue Oct  9 21:48:53 2018] ***
compiled with version: 5.4.0 20160609 on 09 October 2018 01:16:41
os: Linux-4.10.0-33-generic #37~16.04.1-Ubuntu SMP Fri Aug 11 14:07:24 UTC 2017
nodename: Ubuntu01
machine: x86_64
clock source: unix
detected number of CPU cores: 2
current working directory: /home/sunhao/workplace/HomeWork/GPAXF
writing pidfile to uwsgi.pid
detected binary path: /home/sunhao/.virtualenvs/GP1/bin/uwsgi
!!! no internal routing support, rebuild with pcre support !!!
chdir() to /home/sunhao/workplace/HomeWork/GPAXF
your processes number limit is 11776
your memory page size is 4096 bytes
detected max file descriptor number: 65536
lock engine: pthread robust mutexes
thunder lock: disabled (you can enable it with --thunder-lock)
uwsgi socket 0 bound to TCP address 0.0.0.0:8888 fd 3
Python version: 3.5.2 (default, Nov 17 2016, 17:05:23)  [GCC 5.4.0 20160609]
Python main interpreter initialized at 0x7584c0
python threads support enabled
your server socket listen backlog is limited to 100 connections
your mercy for graceful operations on workers is 60 seconds
mapped 834320 bytes (814 KB) for 40 cores
*** Operational MODE: preforking+threaded ***
WSGI app 0 (mountpoint='') ready in 1 seconds on interpreter 0x7584c0 pid: 4670 (default app)
*** uWSGI is running in multiple interpreter mode ***
spawned uWSGI master process (pid: 4670)
spawned uWSGI worker 1 (pid: 4675, cores: 10)
spawned uWSGI worker 2 (pid: 4676, cores: 10)
spawned uWSGI worker 3 (pid: 4686, cores: 10)
spawned uWSGI worker 4 (pid: 4696, cores: 10)
[pid: 4686|app: 0|req: 1/1] 127.0.0.1 () {44 vars in 860 bytes} [Tue Oct  9 21:51:53 2018] GET /axf/mine/ => generated 5799 bytes in 139 msecs (HTTP/1.1 200) 4 headers in 124 bytes (1 switches on core 0)
[pid: 4676|app: 0|req: 1/2] 127.0.0.1 () {44 vars in 860 bytes} [Tue Oct  9 21:54:04 2018] GET /axf/mine/ => generated 5799 bytes in 146 msecs (HTTP/1.1 200) 4 headers in 124 bytes (1 switches on core 0)
[pid: 4686|app: 0|req: 2/3] 127.0.0.1 () {44 vars in 860 bytes} [Tue Oct  9 21:54:09 2018] GET /axf/mine/ => generated 5799 bytes in 47 msecs (HTTP/1.1 200) 4 headers in 124 bytes (1 switches on core 1)
[pid: 4686|app: 0|req: 3/4] 127.0.0.1 () {44 vars in 860 bytes} [Tue Oct  9 21:55:18 2018] GET /axf/mine/ => generated 5799 bytes in 50 msecs (HTTP/1.1 200) 4 headers in 124 bytes (1 switches on core 2)
Not Found: /favicon.ico
[pid: 4686|app: 0|req: 4/5] 10.0.122.163 () {40 vars in 693 bytes} [Tue Oct  9 21:59:41 2018] GET /favicon.ico => generated 2064 bytes in 13 msecs (HTTP/1.1 404) 3 headers in 102 bytes (1 switches on core 7)
[pid: 4675|app: 0|req: 1/6] 10.0.122.163 () {40 vars in 715 bytes} [Tue Oct  9 21:59:42 2018] GET /axf/mine/ => generated 5862 bytes in 91 msecs (HTTP/1.1 200) 4 headers in 124 bytes (1 switches on core 0)
[pid: 4686|app: 0|req: 5/7] 10.0.122.230 () {40 vars in 698 bytes} [Tue Oct  9 21:59:46 2018] GET /axf/home/ => generated 24286 bytes in 51 msecs (HTTP/1.1 200) 3 headers in 111 bytes (1 switches on core 3)
Not Found: /favicon.ico
[pid: 4686|app: 0|req: 6/8] 10.0.122.230 () {40 vars in 666 bytes} [Tue Oct  9 21:59:47 2018] GET /favicon.ico => generated 2064 bytes in 5 msecs (HTTP/1.1 404) 3 headers in 102 bytes (1 switches on core 4)
[pid: 4676|app: 0|req: 2/9] 10.0.122.163 () {40 vars in 715 bytes} [Tue Oct  9 22:00:34 2018] GET /axf/mine/ => generated 5862 bytes in 14 msecs (HTTP/1.1 200) 4 headers in 124 bytes (1 switches on core 9)
[pid: 4675|app: 0|req: 2/10] 127.0.0.1 () {44 vars in 860 bytes} [Tue Oct  9 22:01:00 2018] GET /axf/mine/ => generated 5799 bytes in 42 msecs (HTTP/1.1 200) 4 headers in 124 bytes (1 switches on core 8)
invalid request block size: 21573 (max 4096)...skip
invalid request block size: 21584 (max 4096)...skip
invalid request block size: 21573 (max 4096)...skip
invalid request block size: 19794 (max 4096)...skip
invalid request block size: 21573 (max 4096)...skip
invalid request block size: 21584 (max 4096)...skip
-- unavailable modifier requested: 128 --
invalid request block size: 19525 (max 4096)...skip
-- unavailable modifier requested: 22 --
-- unavailable modifier requested: 22 --
Empty python request. skip.
[pid: 4675|app: -1|req: -1/14]  () {0 vars in 0 bytes} [Thu Oct 11 17:42:39 2018]   => generated 0 bytes in 507 msecs ( 0) 0 headers in 0 bytes (0 switches on core 5)
Empty python request. skip.
[pid: 4696|app: -1|req: -1/15]  () {0 vars in 0 bytes} [Thu Oct 11 17:42:40 2018]   => generated 0 bytes in 841 msecs ( 0) 0 headers in 0 bytes (0 switches on core 9)
invalid request block size: 25956 (max 4096)...skip
Not Found: /
[pid: 4686|app: 0|req: 7/16] 10.0.122.205 () {26 vars in 292 bytes} [Thu Oct 11 17:42:25 2018] GET / => generated 2010 bytes in 27460 msecs (HTTP/1.0 404) 3 headers in 102 bytes (1 switches on core 5)
invalid request block size: 21584 (max 4096)...skip
invalid request block size: 19790 (max 4096)...skip
-- unavailable modifier requested: 3 --
invalid request block size: 25709 (max 4096)...skip
-- unavailable modifier requested: 58 --
-- unavailable modifier requested: 1 --
invalid uwsgi request (current strsize: 0). skip.
[pid: 4696|app: -1|req: -1/20]  () {0 vars in 1 bytes} [Thu Oct 11 17:42:58 2018]   => generated 0 bytes in 90 msecs ( 500) 0 headers in 0 bytes (0 switches on core 8)
uwsgi key cannot be null. skip this var.
[pid: 4696|app: -1|req: -1/21]  () {0 vars in 3 bytes} [Thu Oct 11 17:42:58 2018]   => generated 0 bytes in 0 msecs ( 500) 0 headers in 0 bytes (0 switches on core 9)
invalid request block size: 20297 (max 4096)...skip
Not Found: /
[pid: 4696|app: 0|req: 1/22] 10.0.122.205 () {26 vars in 296 bytes} [Thu Oct 11 17:42:30 2018] OPTIONS / => generated 2014 bytes in 91974 msecs (HTTP/1.0 404) 3 headers in 102 bytes (1 switches on core 3)
Not Found: /nmaplowercheck1539251144
[pid: 4686|app: 0|req: 8/23] 10.0.122.205 () {32 vars in 484 bytes} [Thu Oct 11 17:45:41 2018] GET /nmaplowercheck1539251144 => generated 2100 bytes in 103 msecs (HTTP/1.1 404) 3 headers in 102 bytes (1 switches on core 6)
Not Found: /sdk
[pid: 4686|app: 0|req: 9/24] 10.0.122.205 () {34 vars in 472 bytes} [Thu Oct 11 17:45:42 2018] POST /sdk => generated 2038 bytes in 87 msecs (HTTP/1.1 404) 3 headers in 102 bytes (1 switches on core 8)
Not Found: /
[pid: 4686|app: 0|req: 10/25] 10.0.122.205 () {36 vars in 507 bytes} [Thu Oct 11 17:45:51 2018] OPTIONS / => generated 2014 bytes in 227 msecs (HTTP/1.1 404) 3 headers in 102 bytes (1 switches on core 9)
Not Found: /
[pid: 4686|app: 0|req: 11/26] 10.0.122.205 () {36 vars in 508 bytes} [Thu Oct 11 17:45:51 2018] OPTIONS / => generated 2014 bytes in 74 msecs (HTTP/1.1 404) 3 headers in 102 bytes (1 switches on core 5)
Not Found: /
[pid: 4696|app: 0|req: 2/27] 10.0.122.205 () {36 vars in 507 bytes} [Thu Oct 11 17:45:51 2018] OPTIONS / => generated 2014 bytes in 424 msecs (HTTP/1.1 404) 3 headers in 102 bytes (1 switches on core 0)
Not Found: /
[pid: 4696|app: 0|req: 3/28] 10.0.122.205 () {36 vars in 510 bytes} [Thu Oct 11 17:45:52 2018] OPTIONS / => generated 2014 bytes in 183 msecs (HTTP/1.1 404) 3 headers in 102 bytes (1 switches on core 1)
Not Found: /
[pid: 4696|app: 0|req: 4/29] 10.0.122.205 () {36 vars in 551 bytes} [Thu Oct 11 17:45:53 2018] POST / => generated 2011 bytes in 258 msecs (HTTP/1.1 404) 3 headers in 102 bytes (1 switches on core 4)
Not Found: /
[pid: 4686|app: 0|req: 12/30] 10.0.122.205 () {36 vars in 509 bytes} [Thu Oct 11 17:45:52 2018] OPTIONS / => generated 2014 bytes in 3152 msecs (HTTP/1.1 404) 3 headers in 102 bytes (1 switches on core 0)
Not Found: /
Not Found: /
[pid: 4696|app: 0|req: 6/32] 10.0.122.205 () {36 vars in 511 bytes} [Thu Oct 11 17:45:55 2018] OPTIONS / => generated 2014 bytes in 373 msecs (HTTP/1.1 404) 3 headers in 102 bytes (1 switches on core 6)
[pid: 4696|app: 0|req: 6/32] 10.0.122.205 () {32 vars in 440 bytes} [Thu Oct 11 17:45:55 2018] OPTIONS / => generated 2014 bytes in 605 msecs (HTTP/1.1 404) 3 headers in 102 bytes (1 switches on core 7)
Not Found: /
[pid: 4696|app: 0|req: 7/33] 10.0.122.205 () {36 vars in 481 bytes} [Thu Oct 11 17:45:56 2018] PROPFIND / => generated 2015 bytes in 228 msecs (HTTP/1.1 404) 3 headers in 102 bytes (1 switches on core 5)
Not Found: /
Not Found: /
Not Found: /
Not Found: /
[pid: 4675|app: 0|req: 6/34] 10.0.122.205 () {36 vars in 508 bytes} [Thu Oct 11 17:45:44 2018] OPTIONS / => generated 2014 bytes in 28243 msecs (HTTP/1.1 404) 3 headers in 102 bytes (1 switches on core 4)
[pid: 4675|app: 0|req: 6/35] 10.0.122.205 () {36 vars in 511 bytes} [Thu Oct 11 17:45:56 2018] OPTIONS / => generated 2014 bytes in 15742 msecs (HTTP/1.1 404) 3 headers in 102 bytes (1 switches on core 3)
[pid: 4675|app: 0|req: 6/36] 10.0.122.205 () {34 vars in 456 bytes} [Thu Oct 11 17:46:06 2018] PROPFIND / => generated 2015 bytes in 5425 msecs (HTTP/1.1 404) 3 headers in 102 bytes (1 switches on core 1)
[pid: 4675|app: 0|req: 6/37] 10.0.122.205 () {36 vars in 509 bytes} [Thu Oct 11 17:46:03 2018] OPTIONS / => generated 2014 bytes in 8555 msecs (HTTP/1.1 404) 3 headers in 102 bytes (1 switches on core 9)
Not Found: /
[pid: 4696|app: 0|req: 8/38] 10.0.122.205 () {34 vars in 456 bytes} [Thu Oct 11 17:46:15 2018] PROPFIND / => generated 2015 bytes in 3 msecs (HTTP/1.1 404) 3 headers in 102 bytes (1 switches on core 8)
Not Found: /
[pid: 4696|app: 0|req: 9/39] 10.0.122.205 () {26 vars in 292 bytes} [Thu Oct 11 17:46:37 2018] GET / => generated 2010 bytes in 48 msecs (HTTP/1.0 404) 3 headers in 102 bytes (1 switches on core 9)
Not Found: /
[pid: 4686|app: 0|req: 13/40] 10.0.122.205 () {28 vars in 314 bytes} [Thu Oct 11 17:46:37 2018] GET / => generated 2010 bytes in 126 msecs (HTTP/1.1 404) 3 headers in 102 bytes (1 switches on core 2)
Not Found: /
[pid: 4696|app: 0|req: 10/41] 10.0.122.205 () {32 vars in 440 bytes} [Thu Oct 11 17:46:51 2018] OPTIONS / => generated 2014 bytes in 3 msecs (HTTP/1.1 404) 3 headers in 102 bytes (1 switches on core 3)
Not Found: /
[pid: 4696|app: 0|req: 11/42] 10.0.122.205 () {32 vars in 436 bytes} [Thu Oct 11 17:46:59 2018] GET / => generated 2010 bytes in 5 msecs (HTTP/1.1 404) 3 headers in 102 bytes (1 switches on core 1)
Not Found: /
[pid: 4696|app: 0|req: 12/43] 10.0.122.205 () {32 vars in 437 bytes} [Thu Oct 11 17:46:59 2018] HEAD / => generated 2011 bytes in 4 msecs (HTTP/1.1 404) 3 headers in 102 bytes (1 switches on core 2)
Not Found: /
[pid: 4675|app: 0|req: 7/44] 10.0.122.205 () {34 vars in 462 bytes} [Thu Oct 11 17:46:59 2018] POST / => generated 2011 bytes in 320 msecs (HTTP/1.1 404) 3 headers in 102 bytes (1 switches on core 2)
Not Found: /
[pid: 4675|app: 0|req: 8/45] 10.0.122.205 () {32 vars in 440 bytes} [Thu Oct 11 17:47:00 2018] OPTIONS / => generated 2014 bytes in 1359 msecs (HTTP/1.1 404) 3 headers in 102 bytes (1 switches on core 0)
Not Found: /
[pid: 4676|app: 0|req: 3/46] 10.0.122.205 () {32 vars in 437 bytes} [Thu Oct 11 17:46:52 2018] IWIF / => generated 2011 bytes in 21974 msecs (HTTP/1.1 404) 3 headers in 102 bytes (1 switches on core 0)
Not Found: /
[pid: 4696|app: 0|req: 13/47] 10.0.122.205 () {32 vars in 436 bytes} [Thu Oct 11 17:47:30 2018] GET / => generated 2010 bytes in 17 msecs (HTTP/1.1 404) 3 headers in 102 bytes (1 switches on core 4)
-- unavailable modifier requested: 128 --
Gracefully killing worker 1 (pid: 4675)...
Gracefully killing worker 3 (pid: 4686)...
Gracefully killing worker 4 (pid: 4696)...
Gracefully killing worker 2 (pid: 4676)...
...brutally killing workers...
worker 2 buried after 10 seconds
worker 4 buried after 11 seconds
worker 3 buried after 48 seconds
Sat Oct 13 11:15:55 2018 - worker 1 (pid: 4675) is taking too much time to die...NO MERCY !!!
worker 1 buried after 1 seconds
binary reloading uWSGI...
chdir() to /home/sunhao/workplace/HomeWork/GPAXF
closing all non-uwsgi socket fds > 2 (max_fd = 65536)...
found fd 3 mapped to socket 0 (0.0.0.0:8888)
running /home/sunhao/.virtualenvs/GP1/bin/uwsgi
[uWSGI] getting INI configuration from uwsgi.ini
*** Starting uWSGI 2.0.17.1 (64bit) on [Sat Oct 13 11:15:56 2018] ***
compiled with version: 5.4.0 20160609 on 09 October 2018 01:16:41
os: Linux-4.10.0-33-generic #37~16.04.1-Ubuntu SMP Fri Aug 11 14:07:24 UTC 2017
nodename: Ubuntu01
machine: x86_64
clock source: unix
detected number of CPU cores: 2
current working directory: /home/sunhao/workplace/HomeWork/GPAXF
detected binary path: /home/sunhao/.virtualenvs/GP1/bin/uwsgi
!!! no internal routing support, rebuild with pcre support !!!
chdir() to /home/sunhao/workplace/HomeWork/GPAXF
your processes number limit is 11776
your memory page size is 4096 bytes
detected max file descriptor number: 65536
lock engine: pthread robust mutexes
thunder lock: disabled (you can enable it with --thunder-lock)
uwsgi socket 0 inherited INET address 0.0.0.0:8888 fd 3
Python version: 3.5.2 (default, Nov 17 2016, 17:05:23)  [GCC 5.4.0 20160609]
Python main interpreter initialized at 0x2197e30
python threads support enabled
your server socket listen backlog is limited to 100 connections
your mercy for graceful operations on workers is 60 seconds
mapped 834320 bytes (814 KB) for 40 cores
*** Operational MODE: preforking+threaded ***
WSGI app 0 (mountpoint='') ready in 7 seconds on interpreter 0x2197e30 pid: 4670 (default app)
*** uWSGI is running in multiple interpreter mode ***
gracefully (RE)spawned uWSGI master process (pid: 4670)
spawned uWSGI worker 1 (pid: 22502, cores: 10)
spawned uWSGI worker 2 (pid: 22503, cores: 10)
spawned uWSGI worker 3 (pid: 22513, cores: 10)
spawned uWSGI worker 4 (pid: 22523, cores: 10)
Sat Oct 13 11:16:15 2018 - uWSGI worker 2 screams: UAAAAAAH my master disconnected: i will kill myself !!!
Sat Oct 13 11:16:15 2018 - uWSGI worker 3 screams: UAAAAAAH my master disconnected: i will kill myself !!!
Sat Oct 13 11:16:15 2018 - uWSGI worker 2 screams: UAAAAAAH my master disconnected: i will kill myself !!!
*** Starting uWSGI 2.0.17.1 (64bit) on [Fri Oct 19 15:45:01 2018] ***
compiled with version: 5.4.0 20160609 on 09 October 2018 01:16:41
os: Linux-4.10.0-33-generic #37~16.04.1-Ubuntu SMP Fri Aug 11 14:07:24 UTC 2017
nodename: Ubuntu01
machine: x86_64
clock source: unix
detected number of CPU cores: 2
current working directory: /home/sunhao/workplace/HomeWork/GPAXF
writing pidfile to uwsgi.pid
detected binary path: /home/sunhao/.virtualenvs/GP1/bin/uwsgi
!!! no internal routing support, rebuild with pcre support !!!
chdir() to /home/sunhao/workplace/HomeWork/GPAXF
your processes number limit is 11776
your memory page size is 4096 bytes
detected max file descriptor number: 65536
lock engine: pthread robust mutexes
thunder lock: disabled (you can enable it with --thunder-lock)
uwsgi socket 0 bound to TCP address 0.0.0.0:8888 fd 3
Python version: 3.5.2 (default, Nov 17 2016, 17:05:23)  [GCC 5.4.0 20160609]
Python main interpreter initialized at 0x24ac510
python threads support enabled
your server socket listen backlog is limited to 100 connections
your mercy for graceful operations on workers is 60 seconds
mapped 834320 bytes (814 KB) for 40 cores
*** Operational MODE: preforking+threaded ***
WSGI app 0 (mountpoint='') ready in 1 seconds on interpreter 0x24ac510 pid: 10596 (default app)
*** uWSGI is running in multiple interpreter mode ***
spawned uWSGI master process (pid: 10596)
spawned uWSGI worker 1 (pid: 10604, cores: 10)
spawned uWSGI worker 2 (pid: 10605, cores: 10)
spawned uWSGI worker 3 (pid: 10606, cores: 10)
spawned uWSGI worker 4 (pid: 10613, cores: 10)
Not Found: /
[pid: 10613|app: 0|req: 1/1] 127.0.0.1 () {42 vars in 767 bytes} [Fri Oct 19 15:45:46 2018] GET / => generated 2010 bytes in 146 msecs (HTTP/1.1 404) 3 headers in 102 bytes (1 switches on core 0)
Not Found: /favicon.ico
[pid: 10613|app: 0|req: 2/2] 127.0.0.1 () {42 vars in 741 bytes} [Fri Oct 19 15:45:46 2018] GET /favicon.ico => generated 2061 bytes in 11 msecs (HTTP/1.1 404) 3 headers in 102 bytes (1 switches on core 3)
Not Found: /
[pid: 10613|app: 0|req: 3/3] 127.0.0.1 () {44 vars in 798 bytes} [Fri Oct 19 15:45:49 2018] GET / => generated 2010 bytes in 6 msecs (HTTP/1.1 404) 3 headers in 102 bytes (1 switches on core 4)
Not Found: /
[pid: 10613|app: 0|req: 4/4] 127.0.0.1 () {44 vars in 798 bytes} [Fri Oct 19 16:24:55 2018] GET / => generated 2010 bytes in 23 msecs (HTTP/1.1 404) 3 headers in 102 bytes (1 switches on core 5)
Not Found: /
[pid: 10605|app: 0|req: 1/5] 127.0.0.1 () {44 vars in 798 bytes} [Fri Oct 19 16:24:57 2018] GET / => generated 2010 bytes in 42 msecs (HTTP/1.1 404) 3 headers in 102 bytes (1 switches on core 0)
[pid: 10613|app: 0|req: 5/6] 127.0.0.1 () {42 vars in 785 bytes} [Fri Oct 19 16:25:03 2018] GET /axf/mine/ => generated 5862 bytes in 168 msecs (HTTP/1.1 200) 4 headers in 124 bytes (1 switches on core 6)
[pid: 10613|app: 0|req: 6/7] 127.0.0.1 () {44 vars in 827 bytes} [Fri Oct 19 16:25:12 2018] GET /axf/home/ => generated 24286 bytes in 173 msecs (HTTP/1.1 200) 3 headers in 111 bytes (1 switches on core 8)
[pid: 10613|app: 0|req: 7/8] 127.0.0.1 () {44 vars in 831 bytes} [Fri Oct 19 16:25:14 2018] GET /axf/market/ => generated 0 bytes in 1 msecs (HTTP/1.1 302) 4 headers in 155 bytes (1 switches on core 9)
[pid: 10606|app: 0|req: 1/9] 127.0.0.1 () {44 vars in 873 bytes} [Fri Oct 19 16:25:14 2018] GET /axf/marketwithparams/104749/0/0/ => generated 10063 bytes in 347 msecs (HTTP/1.1 200) 3 headers in 111 bytes (1 switches on core 0)
[pid: 10605|app: 0|req: 2/10] 127.0.0.1 () {44 vars in 850 bytes} [Fri Oct 19 16:25:18 2018] GET /axf/mine/ => generated 5862 bytes in 49 msecs (HTTP/1.1 200) 4 headers in 124 bytes (1 switches on core 5)
